
Cloning into 'hpce-2017-cw2-aes414'...
aes414, 0, Have results/direct_inner_versus_k.pdf, FAIL
aes414, 1, Have results/direct_outer_time_versus_p.pdf, FAIL
aes414, 2, Have results/direct_outer_strong_scaling.pdf, FAIL
aes414, 3, Have results/direct_outer_strong_scaling.pdf, FAIL
aes414, 4, Have results/fast_fourier_time_vs_recursion_k.pdf, FAIL
aes414, 5, Have results/fast_fourier_recursion_versus_iteration.pdf, FAIL
aes414, 6, Have src/aes414/direct_fourier_transform_parfor_inner.cpp, PASS
Makeing : ./tmp/aes414/working/src/aes414 in /vagrant/scripts/cw2
cp ./tmp/aes414/hpce-2017-cw2-aes414/src/aes414/direct_fourier_transform_parfor_inner.cpp ./tmp/aes414/working/src/aes414/direct_fourier_transform_parfor_inner.cpp
dos2unix: converting file ./tmp/aes414/working/src/aes414/direct_fourier_transform_parfor_inner.cpp to Unix format ...
aes414, 7, Have src/aes414/direct_fourier_transform_parfor_outer.cpp, PASS
Makeing : ./tmp/aes414/working/src/aes414 in /vagrant/scripts/cw2
cp ./tmp/aes414/hpce-2017-cw2-aes414/src/aes414/direct_fourier_transform_parfor_outer.cpp ./tmp/aes414/working/src/aes414/direct_fourier_transform_parfor_outer.cpp
dos2unix: converting file ./tmp/aes414/working/src/aes414/direct_fourier_transform_parfor_outer.cpp to Unix format ...
aes414, 8, Have src/aes414/fast_fourier_transform_taskgroup.cpp, PASS
Makeing : ./tmp/aes414/working/src/aes414 in /vagrant/scripts/cw2
cp ./tmp/aes414/hpce-2017-cw2-aes414/src/aes414/fast_fourier_transform_taskgroup.cpp ./tmp/aes414/working/src/aes414/fast_fourier_transform_taskgroup.cpp
dos2unix: converting file ./tmp/aes414/working/src/aes414/fast_fourier_transform_taskgroup.cpp to Unix format ...
aes414, 9, Have src/aes414/fast_fourier_transform_parfor.cpp, PASS
Makeing : ./tmp/aes414/working/src/aes414 in /vagrant/scripts/cw2
cp ./tmp/aes414/hpce-2017-cw2-aes414/src/aes414/fast_fourier_transform_parfor.cpp ./tmp/aes414/working/src/aes414/fast_fourier_transform_parfor.cpp
dos2unix: converting file ./tmp/aes414/working/src/aes414/fast_fourier_transform_parfor.cpp to Unix format ...
aes414, 10, Have src/aes414/fast_fourier_transform_combined.cpp, PASS
Makeing : ./tmp/aes414/working/src/aes414 in /vagrant/scripts/cw2
cp ./tmp/aes414/hpce-2017-cw2-aes414/src/aes414/fast_fourier_transform_combined.cpp ./tmp/aes414/working/src/aes414/fast_fourier_transform_combined.cpp
dos2unix: converting file ./tmp/aes414/working/src/aes414/fast_fourier_transform_combined.cpp to Unix format ...
aes414, 11, Have src/fourier_transform_register_factories.cpp, PASS
Makeing : ./tmp/aes414/working/src in /vagrant/scripts/cw2
cp ./tmp/aes414/hpce-2017-cw2-aes414/src/fourier_transform_register_factories.cpp ./tmp/aes414/working/src/fourier_transform_register_factories.cpp
dos2unix: converting file ./tmp/aes414/working/src/fourier_transform_register_factories.cpp to Unix format ...
Overwriting files in src directory (except for registry)
(cd ./tmp/aes414/working/src && g++ -std=c++14 -O3 -msse4 -g -I ../include direct_fourier_transform.cpp fast_fourier_transform.cpp fourier_transform.cpp fourier_transform_register_factories.cpp aes414/*.cpp /vagrant/scripts/cw2/scripts/bench_test_fourier_transform.cpp -o ../test_fourier_transform -ltbb) &> ./tmp/aes414/log/build_test_fourier.log
aes414, 12, Can build test_fourier_transform, PASS
(cd ./tmp/aes414/working/src && g++ -std=c++14 -O3 -msse4 -g -I ../include direct_fourier_transform.cpp fast_fourier_transform.cpp fourier_transform.cpp fourier_transform_register_factories.cpp aes414/*.cpp /vagrant/scripts/cw2/scripts/bench_time_fourier_transform.cpp -o ../time_fourier_transform -ltbb) &> ./tmp/aes414/log/build_time_fourier.log
aes414, 13, Can build time_fourier_transform, PASS
(cd $WORKING_DIR && /usr/bin/timeout 60 ./test_fourier_transform 2>&1) | grep hpce.direct_fourier_transform -
hpce.direct_fourier_transform
aes414, 14, Checking test_fourier_transform still lists 'hpce.direct_fourier_transform', PASS
(cd $WORKING_DIR && /usr/bin/timeout 60 ./test_fourier_transform 2>&1) | grep hpce.fast_fourier_transform -
hpce.fast_fourier_transform
aes414, 15, Checking test_fourier_transform still lists 'hpce.fast_fourier_transform', PASS
(cd $WORKING_DIR && /usr/bin/timeout 60 ./test_fourier_transform 2>&1) | grep hpce.$SL.direct_fourier_transform_parfor_inner -
hpce.aes414.direct_fourier_transform_parfor_inner
aes414, 16, Checking test_fourier_transform now lists 'hpce.aes414.direct_fourier_transform_parfor_inner', PASS
(cd $WORKING_DIR && /usr/bin/timeout 60 ./test_fourier_transform 2>&1) | grep hpce.$SL.direct_fourier_transform_parfor_outer -
hpce.aes414.direct_fourier_transform_parfor_outer
aes414, 17, Checking test_fourier_transform now lists 'hpce.aes414.direct_fourier_transform_parfor_outer', PASS
(cd $WORKING_DIR && /usr/bin/timeout 60 ./test_fourier_transform 2>&1) | grep hpce.$SL.fast_fourier_transform_parfor -
hpce.aes414.fast_fourier_transform_parfor
aes414, 18, Checking test_fourier_transform now lists 'hpce.aes414.fast_fourier_transform_parfor', PASS
(cd $WORKING_DIR && /usr/bin/timeout 60 ./test_fourier_transform 2>&1) | grep hpce.$SL.fast_fourier_transform_taskgroup -
hpce.aes414.fast_fourier_transform_taskgroup
aes414, 19, Checking test_fourier_transform now lists 'hpce.aes414.fast_fourier_transform_taskgroup', PASS
(cd $WORKING_DIR && /usr/bin/timeout 60 ./test_fourier_transform 2>&1) | grep hpce.$SL.fast_fourier_transform_combined -
hpce.aes414.fast_fourier_transform_combined
aes414, 20, Checking test_fourier_transform now lists 'hpce.aes414.fast_fourier_transform_combined', PASS
(cd $WORKING_DIR/src && g++ -std=c++14 -E -I ../include $SL/direct_fourier_transform_parfor_inner.cpp -o -) \ | $SCRIPTS_DIR/extract_preprocessed_part.pl $SL/direct_fourier_transform_parfor_inner.cpp \ | grep parallel_for -
    tbb::parallel_for(tbb::blocked_range<unsigned>(0,n,K), [&](const tbb::blocked_range<unsigned> &chunk){
    tbb::parallel_for(tbb::blocked_range<unsigned>(0,n,K), [&](const tbb::blocked_range<unsigned> &chunk){
aes414, 21, Checking direct_fourier_transform_parfor_inner.cpp calls parallel_for at some point., PASS
(cd $WORKING_DIR/src && g++ -std=c++14 -E -I ../include $SL/direct_fourier_transform_parfor_inner.cpp -o -) \ | $SCRIPTS_DIR/extract_preprocessed_part.pl $SL/direct_fourier_transform_parfor_inner.cpp \ | grep partitioner -
    }, tbb::simple_partitioner());
    }, tbb::simple_partitioner());
aes414, 22, Checking direct_fourier_transform_parfor_inner.cpp uses partitioner., PASS
(cd $WORKING_DIR/src && g++ -std=c++14 -E -I ../include $SL/direct_fourier_transform_parfor_outer.cpp -o -) \ | $SCRIPTS_DIR/extract_preprocessed_part.pl $SL/direct_fourier_transform_parfor_outer.cpp \ | grep parallel_for -
  tbb::parallel_for(size_t(0), n, [&](unsigned kk){
  tbb::parallel_for(size_t(0), n, [&](unsigned kk){
aes414, 23, Checking direct_fourier_transform_parfor_outer.cpp calls parallel_for at some point., PASS
(cd $WORKING_DIR/src && g++ -std=c++14 -E -I ../include $SL/fast_fourier_transform_taskgroup.cpp -o -) \ | $SCRIPTS_DIR/extract_preprocessed_part.pl $SL/fast_fourier_transform_taskgroup.cpp \ | grep task_group -
   tbb::task_group group;
aes414, 24, Checking fast_fourier_transform_taskgroup.cpp uses task groups at some point., PASS
(cd $WORKING_DIR/src && g++ -std=c++14 -E -I ../include $SL/fast_fourier_transform_parfor.cpp -o -) \ | $SCRIPTS_DIR/extract_preprocessed_part.pl $SL/fast_fourier_transform_parfor.cpp \ | grep parallel_for -
    tbb::parallel_for(tbb::blocked_range<unsigned>(0,m,K), [&](const tbb::blocked_range<unsigned> &chunk){
aes414, 25, Checking fast_fourier_transform_parfor.cpp uses parallel_for at some point., PASS
(cd $WORKING_DIR/src && g++ -std=c++14 -E -I ../include $SL/fast_fourier_transform_combined.cpp -o -) \ | $SCRIPTS_DIR/extract_preprocessed_part.pl $SL/fast_fourier_transform_combined.cpp \ | grep parallel_for -
    tbb::parallel_for(tbb::blocked_range<unsigned>(0,m,loop_K), [&](const tbb::blocked_range<unsigned> &chunk){
     tbb::parallel_for(tbb::blocked_range<unsigned>(0,m,loop_K), [&](const tbb::blocked_range<unsigned> &chunk){
aes414, 26, Checking fast_fourier_transform_combined.cpp uses parallel_for., PASS
(cd $WORKING_DIR/src && g++ -std=c++14 -E -I ../include $SL/fast_fourier_transform_combined.cpp -o -) \ | $SCRIPTS_DIR/extract_preprocessed_part.pl $SL/fast_fourier_transform_combined.cpp \ | grep task_group -
   tbb::task_group group;
aes414, 27, Checking fast_fourier_transform_combined.cpp also uses task_group., PASS
[[ -f $WORKING_DIR/test_fourier_transform ]] && ( /usr/bin/timeout -k ${MAXLIMIT} ${TIMELIMIT} $WORKING_DIR/test_fourier_transform hpce.$SL.direct_fourier_transform_parfor_inner ) 2>&1 | ${LOG_THROTTLE} > $LOG_DIR/test_direct_fourier_transform_parfor_inner.log
aes414, 28, Testing direct_fourier_transform_parfor_inner (using external tester), every test should pass., PASS
[[ -f $WORKING_DIR/test_fourier_transform ]] && ( /usr/bin/timeout -k ${MAXLIMIT} ${TIMELIMIT} $WORKING_DIR/test_fourier_transform hpce.$SL.direct_fourier_transform_parfor_outer ) 2>&1 | ${LOG_THROTTLE} > $LOG_DIR/test_direct_fourier_transform_parfor_outer.log
aes414, 29, Testing direct_fourier_transform_parfor_outer (using external tester), every test should pass., PASS
[[ -f $WORKING_DIR/test_fourier_transform ]] && ( /usr/bin/timeout -k ${MAXLIMIT} ${TIMELIMIT} $WORKING_DIR/test_fourier_transform hpce.$SL.fast_fourier_transform_taskgroup ) 2>&1 | ${LOG_THROTTLE} > $LOG_DIR/test_fast_fourier_transform_taskgroup.log
aes414, 30, Testing fast_fourier_transform_taskgroup (using external tester), every test should pass., PASS
[[ -f $WORKING_DIR/test_fourier_transform ]] && ( /usr/bin/timeout -k ${MAXLIMIT} ${TIMELIMIT} $WORKING_DIR/test_fourier_transform hpce.$SL.fast_fourier_transform_parfor ) 2>&1 | ${LOG_THROTTLE} > $LOG_DIR/test_fast_fourier_transform_parfor.log
aes414, 31, Testing fast_fourier_transform_parfor (using external tester), every test should pass., PASS
[[ -f $WORKING_DIR/test_fourier_transform ]] && ( /usr/bin/timeout -k ${MAXLIMIT} ${TIMELIMIT} $WORKING_DIR/test_fourier_transform hpce.$SL.fast_fourier_transform_combined ) 2>&1 | ${LOG_THROTTLE} > $LOG_DIR/test_fast_fourier_transform_combined.log
aes414, 32, Testing fast_fourier_transform_combined (using external tester), every test should pass., PASS
user = 0.588, time=0.190843
echo parallelism = X HPCE_FFT_RECURSION_K is not set . 3.0810741109 X
(standard_in) 1: illegal character: H
(standard_in) 1: illegal character: P
(standard_in) 1: illegal character: _
(standard_in) 1: syntax error
(standard_in) 1: illegal character: T
(standard_in) 1: illegal character: _
(standard_in) 1: illegal character: R
(standard_in) 1: illegal character: U
(standard_in) 1: illegal character: R
(standard_in) 1: illegal character: S
(standard_in) 1: illegal character: I
(standard_in) 1: illegal character: O
(standard_in) 1: illegal character: N
(standard_in) 1: illegal character: _
(standard_in) 1: illegal character: K
aes414, 33, Timing hpce.aes414.fast_fourier_transform_taskgroup with 4 CPUs and n=2^20: check observed parallelism (totalTime/wallTime) of HPCE_FFT_RECURSION_K is not set . 3.0810741109 is more than 2.5., FAIL
user = 21.208, time=8.51052
echo parallelism = X HPCE_FFT_LOOP_K is not set . 2.4919735846 X
(standard_in) 1: illegal character: H
(standard_in) 1: illegal character: P
(standard_in) 1: illegal character: _
(standard_in) 1: syntax error
(standard_in) 1: illegal character: T
(standard_in) 1: illegal character: _
(standard_in) 1: illegal character: L
(standard_in) 1: illegal character: O
(standard_in) 1: illegal character: O
(standard_in) 1: illegal character: P
(standard_in) 1: illegal character: _
(standard_in) 1: illegal character: K
aes414, 34, Timing hpce.aes414.fast_fourier_transform_parfor with 4 CPUs and n=2^24: check observed parallelism (totalTime/wallTime) of HPCE_FFT_LOOP_K is not set . 2.4919735846 is more than 1.1., FAIL
user = 0.788, time=0.203776
echo parallelism = HPCE_FFT_LOOP_K is not set . HPCE_FFT_RECURSION_K is not set . 3.8669981705
(standard_in) 1: illegal character: H
(standard_in) 1: illegal character: P
(standard_in) 1: illegal character: _
(standard_in) 1: syntax error
(standard_in) 1: illegal character: T
(standard_in) 1: illegal character: _
(standard_in) 1: illegal character: L
(standard_in) 1: illegal character: O
(standard_in) 1: illegal character: O
(standard_in) 1: illegal character: P
(standard_in) 1: illegal character: _
(standard_in) 1: illegal character: K
(standard_in) 1: illegal character: H
(standard_in) 1: illegal character: P
(standard_in) 1: illegal character: _
(standard_in) 1: illegal character: T
(standard_in) 1: illegal character: _
(standard_in) 1: illegal character: R
(standard_in) 1: illegal character: U
(standard_in) 1: illegal character: R
(standard_in) 1: illegal character: S
(standard_in) 1: illegal character: I
(standard_in) 1: illegal character: O
(standard_in) 1: illegal character: N
(standard_in) 1: illegal character: _
(standard_in) 1: illegal character: K
aes414, 35, Timing hpce.aes414.fast_fourier_transform_combined with 4 CPUs and n=2^20: check observed parallelism (totalTime/wallTime) of HPCE_FFT_LOOP_K is not set . HPCE_FFT_RECURSION_K is not set . 3.8669981705 is more than 2.5., FAIL
true
aes414, 36, For 4 CPUs, n=2^12, direct: check time for serial (3.4345363200) is greater than parfor (1.5750549250)., PASS
true
aes414, 37, For 4 CPUs, n=2^22, fast: check time for serial (2.2967283090) is at least 2x that of taskgroup (0.7841937940)., PASS
true
aes414, 38, For 4 CPUs, n=2^22, fast: check time for parfor (1.8560573010) is at least 1.5x that of combined (0.8600044560)., PASS

Passed 30 out of 39 tests.
