
Cloning into 'hpce-2017-cw2-aes414'...
aes414, 0, Have results/direct_inner_versus_k.pdf, FAIL
aes414, 1, Have results/direct_outer_time_versus_p.pdf, FAIL
aes414, 2, Have results/direct_outer_strong_scaling.pdf, FAIL
aes414, 3, Have results/direct_outer_strong_scaling.pdf, FAIL
aes414, 4, Have results/fast_fourier_time_vs_recursion_k.pdf, FAIL
aes414, 5, Have results/fast_fourier_recursion_versus_iteration.pdf, FAIL
aes414, 6, Have src/aes414/direct_fourier_transform_parfor_inner.cpp, FAIL
aes414, 7, Have src/aes414/direct_fourier_transform_parfor_outer.cpp, FAIL
aes414, 8, Have src/aes414/fast_fourier_transform_taskgroup.cpp, FAIL
aes414, 9, Have src/aes414/fast_fourier_transform_parfor.cpp, FAIL
aes414, 10, Have src/aes414/fast_fourier_transform_combined.cpp, FAIL
aes414, 11, Have src/fourier_transform_register_factories.cpp, PASS
Makeing : ./tmp/aes414/working/src in /vagrant/scripts/cw2
cp ./tmp/aes414/hpce-2017-cw2-aes414/src/fourier_transform_register_factories.cpp ./tmp/aes414/working/src/fourier_transform_register_factories.cpp
dos2unix: converting file ./tmp/aes414/working/src/fourier_transform_register_factories.cpp to Unix format ...
Overwriting files in src directory (except for registry)
(cd ./tmp/aes414/working/src && g++ -std=c++11 -O3 -msse4 -g -I ../include direct_fourier_transform.cpp fast_fourier_transform.cpp fourier_transform.cpp fourier_transform_register_factories.cpp aes414/*.cpp /vagrant/scripts/cw2/scripts/bench_test_fourier_transform.cpp -o ../test_fourier_transform -ltbb) &> ./tmp/aes414/log/build_test_fourier.log
aes414, 12, Can build test_fourier_transform, FAIL
(cd ./tmp/aes414/working/src && g++ -std=c++11 -O3 -msse4 -g -I ../include direct_fourier_transform.cpp fast_fourier_transform.cpp fourier_transform.cpp fourier_transform_register_factories.cpp aes414/*.cpp /vagrant/scripts/cw2/scripts/bench_time_fourier_transform.cpp -o ../time_fourier_transform -ltbb) &> ./tmp/aes414/log/build_time_fourier.log
aes414, 13, Can build time_fourier_transform, FAIL
(cd $WORKING_DIR && /usr/bin/timeout 60 ./test_fourier_transform 2>&1) | grep hpce.direct_fourier_transform -
aes414, 14, Checking test_fourier_transform still lists 'hpce.direct_fourier_transform', FAIL
(cd $WORKING_DIR && /usr/bin/timeout 60 ./test_fourier_transform 2>&1) | grep hpce.fast_fourier_transform -
aes414, 15, Checking test_fourier_transform still lists 'hpce.fast_fourier_transform', FAIL
(cd $WORKING_DIR && /usr/bin/timeout 60 ./test_fourier_transform 2>&1) | grep hpce.$SL.direct_fourier_transform_parfor_inner -
aes414, 16, Checking test_fourier_transform now lists 'hpce.aes414.direct_fourier_transform_parfor_inner', FAIL
(cd $WORKING_DIR && /usr/bin/timeout 60 ./test_fourier_transform 2>&1) | grep hpce.$SL.direct_fourier_transform_parfor_outer -
aes414, 17, Checking test_fourier_transform now lists 'hpce.aes414.direct_fourier_transform_parfor_outer', FAIL
(cd $WORKING_DIR && /usr/bin/timeout 60 ./test_fourier_transform 2>&1) | grep hpce.$SL.fast_fourier_transform_parfor -
aes414, 18, Checking test_fourier_transform now lists 'hpce.aes414.fast_fourier_transform_parfor', FAIL
(cd $WORKING_DIR && /usr/bin/timeout 60 ./test_fourier_transform 2>&1) | grep hpce.$SL.fast_fourier_transform_taskgroup -
aes414, 19, Checking test_fourier_transform now lists 'hpce.aes414.fast_fourier_transform_taskgroup', FAIL
(cd $WORKING_DIR && /usr/bin/timeout 60 ./test_fourier_transform 2>&1) | grep hpce.$SL.fast_fourier_transform_combined -
aes414, 20, Checking test_fourier_transform now lists 'hpce.aes414.fast_fourier_transform_combined', FAIL
(cd $WORKING_DIR/src && g++ -std=c++11 -E -I ../include $SL/direct_fourier_transform_parfor_inner.cpp -o -) \ | $SCRIPTS_DIR/extract_preprocessed_part.pl $SL/direct_fourier_transform_parfor_inner.cpp \ | grep parallel_for -
g++: error: aes414/direct_fourier_transform_parfor_inner.cpp: No such file or directory
g++: fatal error: no input files
compilation terminated.
aes414, 21, Checking direct_fourier_transform_parfor_inner.cpp calls parallel_for at some point., FAIL
(cd $WORKING_DIR/src && g++ -std=c++11 -E -I ../include $SL/direct_fourier_transform_parfor_inner.cpp -o -) \ | $SCRIPTS_DIR/extract_preprocessed_part.pl $SL/direct_fourier_transform_parfor_inner.cpp \ | grep partitioner -
g++: error: aes414/direct_fourier_transform_parfor_inner.cpp: No such file or directory
g++: fatal error: no input files
compilation terminated.
aes414, 22, Checking direct_fourier_transform_parfor_inner.cpp uses partitioner., FAIL
(cd $WORKING_DIR/src && g++ -std=c++11 -E -I ../include $SL/direct_fourier_transform_parfor_outer.cpp -o -) \ | $SCRIPTS_DIR/extract_preprocessed_part.pl $SL/direct_fourier_transform_parfor_outer.cpp \ | grep parallel_for -
g++: error: aes414/direct_fourier_transform_parfor_outer.cpp: No such file or directory
g++: fatal error: no input files
compilation terminated.
aes414, 23, Checking direct_fourier_transform_parfor_outer.cpp calls parallel_for at some point., FAIL
(cd $WORKING_DIR/src && g++ -std=c++11 -E -I ../include $SL/fast_fourier_transform_taskgroup.cpp -o -) \ | $SCRIPTS_DIR/extract_preprocessed_part.pl $SL/fast_fourier_transform_taskgroup.cpp \ | grep task_group -
g++: error: aes414/fast_fourier_transform_taskgroup.cpp: No such file or directory
g++: fatal error: no input files
compilation terminated.
aes414, 24, Checking fast_fourier_transform_taskgroup.cpp uses task groups at some point., FAIL
(cd $WORKING_DIR/src && g++ -std=c++11 -E -I ../include $SL/fast_fourier_transform_parfor.cpp -o -) \ | $SCRIPTS_DIR/extract_preprocessed_part.pl $SL/fast_fourier_transform_parfor.cpp \ | grep parallel_for -
g++: error: aes414/fast_fourier_transform_parfor.cpp: No such file or directory
g++: fatal error: no input files
compilation terminated.
aes414, 25, Checking direct_fourier_transform_parfor.cpp uses parallel_for at some point., FAIL
(cd $WORKING_DIR/src && g++ -std=c++11 -E -I ../include $SL/fast_fourier_transform_combined.cpp -o -) \ | $SCRIPTS_DIR/extract_preprocessed_part.pl $SL/fast_fourier_transform_combined.cpp \ | grep parallel_for -
g++: error: aes414/fast_fourier_transform_combined.cpp: No such file or directory
g++: fatal error: no input files
compilation terminated.
aes414, 26, Checking direct_fourier_transform_combined.cpp uses parallel_for., FAIL
(cd $WORKING_DIR/src && g++ -std=c++11 -E -I ../include $SL/fast_fourier_transform_combined.cpp -o -) \ | $SCRIPTS_DIR/extract_preprocessed_part.pl $SL/fast_fourier_transform_combined.cpp \ | grep task_group -
g++: error: aes414/fast_fourier_transform_combined.cpp: No such file or directory
g++: fatal error: no input files
compilation terminated.
aes414, 27, Checking direct_fourier_transform_combined.cpp also uses task_group., FAIL
[[ -f $WORKING_DIR/test_fourier_transform ]] && ( /usr/bin/timeout -k ${MAXLIMIT} ${TIMELIMIT} $WORKING_DIR/test_fourier_transform hpce.$SL.direct_fourier_transform_parfor_inner ) 2>&1 | ${LOG_THROTTLE} > $LOG_DIR/test_direct_fourier_transform_parfor_inner.log
aes414, 28, Testing direct_fourier_transform_parfor_inner (using external tester), every test should pass., FAIL
[[ -f $WORKING_DIR/test_fourier_transform ]] && ( /usr/bin/timeout -k ${MAXLIMIT} ${TIMELIMIT} $WORKING_DIR/test_fourier_transform hpce.$SL.direct_fourier_transform_parfor_outer ) 2>&1 | ${LOG_THROTTLE} > $LOG_DIR/test_direct_fourier_transform_parfor_outer.log
aes414, 29, Testing direct_fourier_transform_parfor_outer (using external tester), every test should pass., FAIL
[[ -f $WORKING_DIR/test_fourier_transform ]] && ( /usr/bin/timeout -k ${MAXLIMIT} ${TIMELIMIT} $WORKING_DIR/test_fourier_transform hpce.$SL.fast_fourier_transform_taskgroup ) 2>&1 | ${LOG_THROTTLE} > $LOG_DIR/test_fast_fourier_transform_taskgroup.log
aes414, 30, Testing fast_fourier_transform_taskgroup (using external tester), every test should pass., FAIL
[[ -f $WORKING_DIR/test_fourier_transform ]] && ( /usr/bin/timeout -k ${MAXLIMIT} ${TIMELIMIT} $WORKING_DIR/test_fourier_transform hpce.$SL.fast_fourier_transform_parfor ) 2>&1 | ${LOG_THROTTLE} > $LOG_DIR/test_fast_fourier_transform_parfor.log
aes414, 31, Testing fast_fourier_transform_parfor (using external tester), every test should pass., FAIL
[[ -f $WORKING_DIR/test_fourier_transform ]] && ( /usr/bin/timeout -k ${MAXLIMIT} ${TIMELIMIT} $WORKING_DIR/test_fourier_transform hpce.$SL.fast_fourier_transform_combined ) 2>&1 | ${LOG_THROTTLE} > $LOG_DIR/test_fast_fourier_transform_combined.log
aes414, 32, Testing fast_fourier_transform_combined (using external tester), every test should pass., FAIL
/usr/bin/timeout: failed to run command ‘./tmp/aes414/working/time_fourier_transform’: No such file or directory
echo parallelism = X X
(standard_in) 1: syntax error
aes414, 33, Timing hpce.aes414.fast_fourier_transform_taskgroup with 4 CPUs and n=2^20: check observed parallelism (totalTime/wallTime) of is more than 2.5., FAIL
/usr/bin/timeout: failed to run command ‘./tmp/aes414/working/time_fourier_transform’: No such file or directory
echo parallelism = X X
(standard_in) 1: syntax error
aes414, 34, Timing hpce.aes414.fast_fourier_transform_parfor with 4 CPUs and n=2^24: check observed parallelism (totalTime/wallTime) of is more than 1.1., FAIL
/usr/bin/timeout: failed to run command ‘./tmp/aes414/working/time_fourier_transform’: No such file or directory
echo parallelism =
(standard_in) 1: syntax error
aes414, 35, Timing hpce.aes414.fast_fourier_transform_combined with 4 CPUs and n=2^20: check observed parallelism (totalTime/wallTime) of is more than 2.5., FAIL
true
(standard_in) 1: syntax error
(standard_in) 1: syntax error
aes414, 36, For 4 CPUs, n=2^12, direct: check time for serial (CommandFailed) is greater than parfor (CommandFailed)., FAIL
true
(standard_in) 1: syntax error
(standard_in) 1: syntax error
aes414, 37, For 4 CPUs, n=2^22, fast: check time for serial (CommandFailed) is at least 2x that of taskgroup (CommandFailed)., FAIL
true
(standard_in) 1: syntax error
(standard_in) 1: syntax error
aes414, 38, For 4 CPUs, n=2^22, fast: check time for parfor (CommandFailed) is at least 1.5x that of combined (CommandFailed)., FAIL

Passed 1 out of 39 tests.
